<?xml version="1.0" encoding="UTF-8"?>
<!-- Generated by org.testng.reporters.JUnitXMLReporter -->
<testsuite ignored="3" hostname="Vinutha" failures="0" tests="1" name="Default test" time="13.278" errors="0" timestamp="2024-10-26T22:06:53 CDT">
  <testcase classname="com.automation.Testscripts_SFDC.Automationscripts2_2" name="test2_SFDC" time="6.498"/>
  <testcase classname="com.automation.Testscripts_SFDC.Automationscripts2_2" name="testForgotPasswordFunctionality" time="0.0">
    <ignored/>
  </testcase> <!-- testForgotPasswordFunctionality -->
  <testcase classname="com.automation.Testscripts_SFDC.Automationscripts2_2" name="test3_SFDC" time="0.0">
    <ignored/>
  </testcase> <!-- test3_SFDC -->
  <testcase classname="com.automation.Testscripts_SFDC.Automationscripts2_2" name="test1_SFDC" time="0.0">
    <ignored/>
  </testcase> <!-- test1_SFDC -->
</testsuite> <!-- Default test -->
