<?xml version="1.0" encoding="UTF-8"?>
<!-- Generated by org.testng.reporters.JUnitXMLReporter -->
<testsuite ignored="0" hostname="Vinutha" failures="0" tests="3" name="Salesforce User Menu Tests" time="67.675" errors="0" timestamp="2024-10-29T14:25:18 CDT">
  <testcase classname="com.automation.Testscripts_usermenu.Automationscripts1_1" name="test5_Usermenu" time="26.754"/>
  <testcase classname="com.automation.Testscripts_usermenu.Automationscripts1_1" name="test8_Usermenu" time="25.021"/>
  <testcase classname="com.automation.Testscripts_usermenu.Automationscripts1_1" name="test9_Usermenu" time="4.687"/>
</testsuite> <!-- Salesforce User Menu Tests -->
