<?xml version="1.0" encoding="UTF-8"?>
<!-- Generated by org.testng.reporters.JUnitXMLReporter -->
<testsuite ignored="0" hostname="Vinutha" failures="0" tests="4" name="Salesforce SFDC" time="37.775" errors="0" timestamp="2024-10-29T14:25:56 CDT">
  <testcase classname="com.automation.Testscripts_SFDC.Automationscripts2_2" name="test1_SFDC" time="4.107"/>
  <testcase classname="com.automation.Testscripts_SFDC.Automationscripts2_2" name="test2_SFDC" time="6.848"/>
  <testcase classname="com.automation.Testscripts_SFDC.Automationscripts2_2" name="test3_SFDC" time="7.021"/>
  <testcase classname="com.automation.Testscripts_SFDC.Automationscripts2_2" name="testForgotPasswordFunctionality" time="5.674"/>
</testsuite> <!-- Salesforce SFDC -->
